<?xml version="1.0" encoding="UTF-8"?>
<!-- Generated by org.testng.reporters.JUnitReportReporter -->
<testsuite hostname="Moe" failures="0" tests="3" name="automate.tests.TestPage" time="42.744" errors="0" timestamp="2024-05-28T03:19:05 EDT" skipped="0">
  <testcase classname="automate.tests.TestPage" name="runTest" time="15.062"/>
  <testcase classname="automate.tests.TestPage" name="runTest" time="14.305"/>
  <testcase classname="automate.tests.TestPage" name="runTest" time="13.377"/>
</testsuite> <!-- automate.tests.TestPage -->
